

*******************************************************************************
Tue Aug 10 10:48:49 2021


FIT:    data read from plot_file u 6:($7 - $6)
        format = x:z
        #datapoints = 24680
        residuals are weighted equally (unit weight)

function used for fitting: f(x)
	f(x) = A * x + B
fitted parameters initialized with current variable values

Warning: Initial value of parameter 'B' is zero.
iter      chisq       delta/lim  lambda   A             B            
   0 5.8827087516e+05   0.00e+00  6.87e+00    1.600000e+00   1.000000e-30
   3 1.1657931364e+04  -3.23e-05  6.87e-03    7.515952e-01   4.329424e-01

After 3 iterations the fit converged.
final sum of squares of residuals : 11657.9
rel. change during last iteration : -3.22929e-10

degrees of freedom    (FIT_NDF)                        : 24678
rms of residuals      (FIT_STDFIT) = sqrt(WSSR/ndf)    : 0.687315
variance of residuals (reduced chisquare) = WSSR/ndf   : 0.472402

Final set of parameters            Asymptotic Standard Error
=======================            ==========================
A               = 0.751595         +/- 0.001095     (0.1457%)
B               = 0.432942         +/- 0.00665      (1.536%)

correlation matrix of the fit parameters:
                A      B      
A               1.000 
B              -0.753  1.000 


*******************************************************************************
Tue Aug 10 10:49:28 2021


FIT:    data read from plot_file u 6:($7 - $6)
        format = x:z
        #datapoints = 24680
        residuals are weighted equally (unit weight)

function used for fitting: f(x)
	f(x) = A * x + B
fitted parameters initialized with current variable values

Warning: Initial value of parameter 'B' is zero.
iter      chisq       delta/lim  lambda   A             B            
   0 5.8827087516e+05   0.00e+00  6.87e+00    1.600000e+00   1.000000e-30
   3 1.1657931364e+04  -3.23e-05  6.87e-03    7.515952e-01   4.329424e-01

After 3 iterations the fit converged.
final sum of squares of residuals : 11657.9
rel. change during last iteration : -3.22929e-10

degrees of freedom    (FIT_NDF)                        : 24678
rms of residuals      (FIT_STDFIT) = sqrt(WSSR/ndf)    : 0.687315
variance of residuals (reduced chisquare) = WSSR/ndf   : 0.472402

Final set of parameters            Asymptotic Standard Error
=======================            ==========================
A               = 0.751595         +/- 0.001095     (0.1457%)
B               = 0.432942         +/- 0.00665      (1.536%)

correlation matrix of the fit parameters:
                A      B      
A               1.000 
B              -0.753  1.000 


*******************************************************************************
Tue Aug 10 10:50:02 2021


FIT:    data read from plot_file u 6:($7 - $6)
        format = x:z
        #datapoints = 24680
        residuals are weighted equally (unit weight)

function used for fitting: f(x)
	f(x) = A * x + B
fitted parameters initialized with current variable values

Warning: Initial value of parameter 'B' is zero.
iter      chisq       delta/lim  lambda   A             B            
   0 5.8827087516e+05   0.00e+00  6.87e+00    1.600000e+00   1.000000e-30
   3 1.1657931364e+04  -3.23e-05  6.87e-03    7.515952e-01   4.329424e-01

After 3 iterations the fit converged.
final sum of squares of residuals : 11657.9
rel. change during last iteration : -3.22929e-10

degrees of freedom    (FIT_NDF)                        : 24678
rms of residuals      (FIT_STDFIT) = sqrt(WSSR/ndf)    : 0.687315
variance of residuals (reduced chisquare) = WSSR/ndf   : 0.472402

Final set of parameters            Asymptotic Standard Error
=======================            ==========================
A               = 0.751595         +/- 0.001095     (0.1457%)
B               = 0.432942         +/- 0.00665      (1.536%)

correlation matrix of the fit parameters:
                A      B      
A               1.000 
B              -0.753  1.000 


*******************************************************************************
Tue Aug 10 10:52:28 2021


FIT:    data read from plot_file u 6:($7 - $6)
        format = x:z
        #datapoints = 24680
        residuals are weighted equally (unit weight)

function used for fitting: f(x)
	f(x) = A * x + B
fitted parameters initialized with current variable values

Warning: Initial value of parameter 'B' is zero.
iter      chisq       delta/lim  lambda   A             B            
   0 5.8827087516e+05   0.00e+00  6.87e+00    1.600000e+00   1.000000e-30
   3 1.1657931364e+04  -3.23e-05  6.87e-03    7.515952e-01   4.329424e-01

After 3 iterations the fit converged.
final sum of squares of residuals : 11657.9
rel. change during last iteration : -3.22929e-10

degrees of freedom    (FIT_NDF)                        : 24678
rms of residuals      (FIT_STDFIT) = sqrt(WSSR/ndf)    : 0.687315
variance of residuals (reduced chisquare) = WSSR/ndf   : 0.472402

Final set of parameters            Asymptotic Standard Error
=======================            ==========================
A               = 0.751595         +/- 0.001095     (0.1457%)
B               = 0.432942         +/- 0.00665      (1.536%)

correlation matrix of the fit parameters:
                A      B      
A               1.000 
B              -0.753  1.000 


*******************************************************************************
Tue Aug 10 10:53:56 2021


FIT:    data read from plot_file u 6:($7 - $6)
        format = x:z
        #datapoints = 24680
        residuals are weighted equally (unit weight)

function used for fitting: f(x)
	f(x) = A * x + B
fitted parameters initialized with current variable values

Warning: Initial value of parameter 'B' is zero.
iter      chisq       delta/lim  lambda   A             B            
   0 5.8827087516e+05   0.00e+00  6.87e+00    1.600000e+00   1.000000e-30
   3 1.1657931364e+04  -3.23e-05  6.87e-03    7.515952e-01   4.329424e-01

After 3 iterations the fit converged.
final sum of squares of residuals : 11657.9
rel. change during last iteration : -3.22929e-10

degrees of freedom    (FIT_NDF)                        : 24678
rms of residuals      (FIT_STDFIT) = sqrt(WSSR/ndf)    : 0.687315
variance of residuals (reduced chisquare) = WSSR/ndf   : 0.472402

Final set of parameters            Asymptotic Standard Error
=======================            ==========================
A               = 0.751595         +/- 0.001095     (0.1457%)
B               = 0.432942         +/- 0.00665      (1.536%)

correlation matrix of the fit parameters:
                A      B      
A               1.000 
B              -0.753  1.000 


*******************************************************************************
Tue Aug 10 10:54:15 2021


FIT:    data read from plot_file u 6:($7 - $6)
        format = x:z
        #datapoints = 24680
        residuals are weighted equally (unit weight)

function used for fitting: f(x)
	f(x) = A * x + B
fitted parameters initialized with current variable values

Warning: Initial value of parameter 'B' is zero.
iter      chisq       delta/lim  lambda   A             B            
   0 5.8827087516e+05   0.00e+00  6.87e+00    1.600000e+00   1.000000e-30
   3 1.1657931364e+04  -3.23e-05  6.87e-03    7.515952e-01   4.329424e-01

After 3 iterations the fit converged.
final sum of squares of residuals : 11657.9
rel. change during last iteration : -3.22929e-10

degrees of freedom    (FIT_NDF)                        : 24678
rms of residuals      (FIT_STDFIT) = sqrt(WSSR/ndf)    : 0.687315
variance of residuals (reduced chisquare) = WSSR/ndf   : 0.472402

Final set of parameters            Asymptotic Standard Error
=======================            ==========================
A               = 0.751595         +/- 0.001095     (0.1457%)
B               = 0.432942         +/- 0.00665      (1.536%)

correlation matrix of the fit parameters:
                A      B      
A               1.000 
B              -0.753  1.000 


*******************************************************************************
Tue Aug 10 10:54:25 2021


FIT:    data read from plot_file u 6:($7 - $6)
        format = x:z
        #datapoints = 24680
        residuals are weighted equally (unit weight)

function used for fitting: f(x)
	f(x) = A * x + B
fitted parameters initialized with current variable values

Warning: Initial value of parameter 'B' is zero.
iter      chisq       delta/lim  lambda   A             B            
   0 5.8827087516e+05   0.00e+00  6.87e+00    1.600000e+00   1.000000e-30
   3 1.1657931364e+04  -3.23e-05  6.87e-03    7.515952e-01   4.329424e-01

After 3 iterations the fit converged.
final sum of squares of residuals : 11657.9
rel. change during last iteration : -3.22929e-10

degrees of freedom    (FIT_NDF)                        : 24678
rms of residuals      (FIT_STDFIT) = sqrt(WSSR/ndf)    : 0.687315
variance of residuals (reduced chisquare) = WSSR/ndf   : 0.472402

Final set of parameters            Asymptotic Standard Error
=======================            ==========================
A               = 0.751595         +/- 0.001095     (0.1457%)
B               = 0.432942         +/- 0.00665      (1.536%)

correlation matrix of the fit parameters:
                A      B      
A               1.000 
B              -0.753  1.000 


*******************************************************************************
Wed Aug 11 19:22:34 2021


FIT:    data read from plot_file u 2:1
        format = x:z
        #datapoints = 27527
        residuals are weighted equally (unit weight)

function used for fitting: f(x)
	f(x) = A * x + B
fitted parameters initialized with current variable values

Warning: Initial value of parameter 'B' is zero.
iter      chisq       delta/lim  lambda   A             B            
   0 6.9498688734e+12   0.00e+00  2.96e+00    8.000000e-01   1.000000e-30
BREAK: Singular matrix in Invert_RtR

*******************************************************************************
Wed Aug 11 19:22:44 2021


FIT:    data read from plot_file u 2:1
        format = x:z
        #datapoints = 27527
        residuals are weighted equally (unit weight)

function used for fitting: f(x)
	f(x) = A * x + B
fitted parameters initialized with current variable values

iter      chisq       delta/lim  lambda   A             B            
   0 6.9497931208e+12   0.00e+00  2.96e+00    8.000000e-01   1.000000e-01
   3 1.7376824380e+12  -4.13e-04  2.96e-03    4.084488e+01   1.359700e+04

After 3 iterations the fit converged.
final sum of squares of residuals : 1.73768e+12
rel. change during last iteration : -4.1289e-09

degrees of freedom    (FIT_NDF)                        : 27525
rms of residuals      (FIT_STDFIT) = sqrt(WSSR/ndf)    : 7945.51
variance of residuals (reduced chisquare) = WSSR/ndf   : 6.31311e+07

Final set of parameters            Asymptotic Standard Error
=======================            ==========================
A               = 40.8449          +/- 14.51        (35.53%)
B               = 13597            +/- 75.97        (0.5587%)

correlation matrix of the fit parameters:
                A      B      
A               1.000 
B              -0.776  1.000 


*******************************************************************************
Wed Aug 11 19:22:45 2021


FIT:    data read from plot_file u 2:1
        format = x:z
        #datapoints = 24455
        residuals are weighted equally (unit weight)

function used for fitting: f(x)
	f(x) = A * x + B
fitted parameters initialized with current variable values

iter      chisq       delta/lim  lambda   A             B            
   0 4.9580316627e+12   0.00e+00  2.77e+00    8.000000e-01   1.000000e-01
   3 1.2402373492e+12  -4.22e-04  2.77e-03    8.007243e+01   1.202255e+04

After 3 iterations the fit converged.
final sum of squares of residuals : 1.24024e+12
rel. change during last iteration : -4.2209e-09

degrees of freedom    (FIT_NDF)                        : 24453
rms of residuals      (FIT_STDFIT) = sqrt(WSSR/ndf)    : 7121.74
variance of residuals (reduced chisquare) = WSSR/ndf   : 5.07192e+07

Final set of parameters            Asymptotic Standard Error
=======================            ==========================
A               = 80.0724          +/- 14.99        (18.72%)
B               = 12022.5          +/- 73.51        (0.6114%)

correlation matrix of the fit parameters:
                A      B      
A               1.000 
B              -0.785  1.000 


*******************************************************************************
Wed Aug 11 19:23:36 2021


FIT:    data read from plot_file u 3:2
        format = x:z
        #datapoints = 27527
        residuals are weighted equally (unit weight)

function used for fitting: f(x)
	f(x) = A * x + B
fitted parameters initialized with current variable values

iter      chisq       delta/lim  lambda   A             B            
   0 4.5818905939e+03   0.00e+00  3.57e+00    8.000000e-01   1.000000e-01
   3 3.7161818258e+03  -1.74e-04  3.57e-03    7.878939e-01   3.274461e-01

After 3 iterations the fit converged.
final sum of squares of residuals : 3716.18
rel. change during last iteration : -1.74494e-09

degrees of freedom    (FIT_NDF)                        : 27525
rms of residuals      (FIT_STDFIT) = sqrt(WSSR/ndf)    : 0.367439
variance of residuals (reduced chisquare) = WSSR/ndf   : 0.135011

Final set of parameters            Asymptotic Standard Error
=======================            ==========================
A               = 0.787894         +/- 0.000532     (0.06753%)
B               = 0.327446         +/- 0.003357     (1.025%)

correlation matrix of the fit parameters:
                A      B      
A               1.000 
B              -0.752  1.000 


*******************************************************************************
Wed Aug 11 19:23:36 2021


FIT:    data read from plot_file u 3:2
        format = x:z
        #datapoints = 24455
        residuals are weighted equally (unit weight)

function used for fitting: f(x)
	f(x) = A * x + B
fitted parameters initialized with current variable values

iter      chisq       delta/lim  lambda   A             B            
   0 3.4898638482e+03   0.00e+00  3.41e+00    8.000000e-01   1.000000e-01
   3 2.6694642072e+03  -3.66e-04  3.41e-03    7.639369e-01   3.788209e-01

After 3 iterations the fit converged.
final sum of squares of residuals : 2669.46
rel. change during last iteration : -3.65764e-09

degrees of freedom    (FIT_NDF)                        : 24453
rms of residuals      (FIT_STDFIT) = sqrt(WSSR/ndf)    : 0.330405
variance of residuals (reduced chisquare) = WSSR/ndf   : 0.109167

Final set of parameters            Asymptotic Standard Error
=======================            ==========================
A               = 0.763937         +/- 0.0005346    (0.06998%)
B               = 0.378821         +/- 0.003219     (0.8496%)

correlation matrix of the fit parameters:
                A      B      
A               1.000 
B              -0.754  1.000 


*******************************************************************************
Wed Aug 11 19:24:17 2021


FIT:    data read from plot_file u 3:2
        format = x:z
        #datapoints = 27527
        residuals are weighted equally (unit weight)

function used for fitting: f(x)
	f(x) = A * x + B
fitted parameters initialized with current variable values

iter      chisq       delta/lim  lambda   A             B            
   0 4.5818905939e+03   0.00e+00  3.57e+00    8.000000e-01   1.000000e-01
   3 3.7161818258e+03  -1.74e-04  3.57e-03    7.878939e-01   3.274461e-01

After 3 iterations the fit converged.
final sum of squares of residuals : 3716.18
rel. change during last iteration : -1.74494e-09

degrees of freedom    (FIT_NDF)                        : 27525
rms of residuals      (FIT_STDFIT) = sqrt(WSSR/ndf)    : 0.367439
variance of residuals (reduced chisquare) = WSSR/ndf   : 0.135011

Final set of parameters            Asymptotic Standard Error
=======================            ==========================
A               = 0.787894         +/- 0.000532     (0.06753%)
B               = 0.327446         +/- 0.003357     (1.025%)

correlation matrix of the fit parameters:
                A      B      
A               1.000 
B              -0.752  1.000 


*******************************************************************************
Wed Aug 11 19:24:18 2021


FIT:    data read from plot_file u 3:2
        format = x:z
        #datapoints = 24455
        residuals are weighted equally (unit weight)

function used for fitting: f(x)
	f(x) = A * x + B
fitted parameters initialized with current variable values

iter      chisq       delta/lim  lambda   A             B            
   0 3.4898638482e+03   0.00e+00  3.41e+00    8.000000e-01   1.000000e-01
   3 2.6694642072e+03  -3.66e-04  3.41e-03    7.639369e-01   3.788209e-01

After 3 iterations the fit converged.
final sum of squares of residuals : 2669.46
rel. change during last iteration : -3.65764e-09

degrees of freedom    (FIT_NDF)                        : 24453
rms of residuals      (FIT_STDFIT) = sqrt(WSSR/ndf)    : 0.330405
variance of residuals (reduced chisquare) = WSSR/ndf   : 0.109167

Final set of parameters            Asymptotic Standard Error
=======================            ==========================
A               = 0.763937         +/- 0.0005346    (0.06998%)
B               = 0.378821         +/- 0.003219     (0.8496%)

correlation matrix of the fit parameters:
                A      B      
A               1.000 
B              -0.754  1.000 


*******************************************************************************
Wed Aug 11 19:24:55 2021


FIT:    data read from plot_file u 3:2
        format = x:z
        #datapoints = 27527
        residuals are weighted equally (unit weight)

function used for fitting: f(x)
	f(x) = A * x + B
fitted parameters initialized with current variable values

iter      chisq       delta/lim  lambda   A             B            
   0 4.5818905939e+03   0.00e+00  3.57e+00    8.000000e-01   1.000000e-01
   3 3.7161818258e+03  -1.74e-04  3.57e-03    7.878939e-01   3.274461e-01

After 3 iterations the fit converged.
final sum of squares of residuals : 3716.18
rel. change during last iteration : -1.74494e-09

degrees of freedom    (FIT_NDF)                        : 27525
rms of residuals      (FIT_STDFIT) = sqrt(WSSR/ndf)    : 0.367439
variance of residuals (reduced chisquare) = WSSR/ndf   : 0.135011

Final set of parameters            Asymptotic Standard Error
=======================            ==========================
A               = 0.787894         +/- 0.000532     (0.06753%)
B               = 0.327446         +/- 0.003357     (1.025%)

correlation matrix of the fit parameters:
                A      B      
A               1.000 
B              -0.752  1.000 


*******************************************************************************
Wed Aug 11 19:24:56 2021


FIT:    data read from plot_file u 3:2
        format = x:z
        #datapoints = 24455
        residuals are weighted equally (unit weight)

function used for fitting: f(x)
	f(x) = A * x + B
fitted parameters initialized with current variable values

iter      chisq       delta/lim  lambda   A             B            
   0 3.4898638482e+03   0.00e+00  3.41e+00    8.000000e-01   1.000000e-01
   3 2.6694642072e+03  -3.66e-04  3.41e-03    7.639369e-01   3.788209e-01

After 3 iterations the fit converged.
final sum of squares of residuals : 2669.46
rel. change during last iteration : -3.65764e-09

degrees of freedom    (FIT_NDF)                        : 24453
rms of residuals      (FIT_STDFIT) = sqrt(WSSR/ndf)    : 0.330405
variance of residuals (reduced chisquare) = WSSR/ndf   : 0.109167

Final set of parameters            Asymptotic Standard Error
=======================            ==========================
A               = 0.763937         +/- 0.0005346    (0.06998%)
B               = 0.378821         +/- 0.003219     (0.8496%)

correlation matrix of the fit parameters:
                A      B      
A               1.000 
B              -0.754  1.000 


*******************************************************************************
Fri Nov  5 18:01:01 2021


FIT:    data read from plot_file u 3:2
        format = x:z
        #datapoints = 44597
        residuals are weighted equally (unit weight)

function used for fitting: f(x)
	f(x) = A * x + B
fitted parameters initialized with current variable values

iter      chisq       delta/lim  lambda   A             B            
   0 7.7095189080e+03   0.00e+00  3.47e+00    8.000000e-01   1.000000e-01
   3 6.0061809034e+03  -2.68e-05  3.47e-03    7.862424e-01   3.508364e-01

After 3 iterations the fit converged.
final sum of squares of residuals : 6006.18
rel. change during last iteration : -2.68264e-10

degrees of freedom    (FIT_NDF)                        : 44595
rms of residuals      (FIT_STDFIT) = sqrt(WSSR/ndf)    : 0.366992
variance of residuals (reduced chisquare) = WSSR/ndf   : 0.134683

Final set of parameters            Asymptotic Standard Error
=======================            ==========================
A               = 0.786242         +/- 0.0004306    (0.05477%)
B               = 0.350836         +/- 0.002639     (0.7523%)

correlation matrix of the fit parameters:
                A      B      
A               1.000 
B              -0.753  1.000 


*******************************************************************************
Fri Nov  5 20:56:03 2021


FIT:    data read from plot_file u 3:2
        format = x:z
        #datapoints = 44597
        residuals are weighted equally (unit weight)

function used for fitting: f(x)
	f(x) = A * x + B
fitted parameters initialized with current variable values

iter      chisq       delta/lim  lambda   A             B            
   0 7.7095189080e+03   0.00e+00  3.47e+00    8.000000e-01   1.000000e-01
   3 6.0061809034e+03  -2.68e-05  3.47e-03    7.862424e-01   3.508364e-01

After 3 iterations the fit converged.
final sum of squares of residuals : 6006.18
rel. change during last iteration : -2.68264e-10

degrees of freedom    (FIT_NDF)                        : 44595
rms of residuals      (FIT_STDFIT) = sqrt(WSSR/ndf)    : 0.366992
variance of residuals (reduced chisquare) = WSSR/ndf   : 0.134683

Final set of parameters            Asymptotic Standard Error
=======================            ==========================
A               = 0.786242         +/- 0.0004306    (0.05477%)
B               = 0.350836         +/- 0.002639     (0.7523%)

correlation matrix of the fit parameters:
                A      B      
A               1.000 
B              -0.753  1.000 


*******************************************************************************
Fri Nov  5 20:56:46 2021


FIT:    data read from plot_file u 3:2
        format = x:z
        #datapoints = 44597
        residuals are weighted equally (unit weight)

function used for fitting: f(x)
	f(x) = A * x + B
fitted parameters initialized with current variable values

iter      chisq       delta/lim  lambda   A             B            
   0 7.7095189080e+03   0.00e+00  3.47e+00    8.000000e-01   1.000000e-01
   3 6.0061809034e+03  -2.68e-05  3.47e-03    7.862424e-01   3.508364e-01

After 3 iterations the fit converged.
final sum of squares of residuals : 6006.18
rel. change during last iteration : -2.68264e-10

degrees of freedom    (FIT_NDF)                        : 44595
rms of residuals      (FIT_STDFIT) = sqrt(WSSR/ndf)    : 0.366992
variance of residuals (reduced chisquare) = WSSR/ndf   : 0.134683

Final set of parameters            Asymptotic Standard Error
=======================            ==========================
A               = 0.786242         +/- 0.0004306    (0.05477%)
B               = 0.350836         +/- 0.002639     (0.7523%)

correlation matrix of the fit parameters:
                A      B      
A               1.000 
B              -0.753  1.000 
